2024-06-22T11:39:09  test: strengthen coverage
2024-07-06T18:56:16  chore: tune defaults
2024-07-27T13:13:23  refactor: simplify helper
2024-09-04T08:30:30  chore: routine maintenance
2024-09-25T15:47:37  docs: clarify usage notes
2024-10-10T10:04:44  test: add edge case
2024-10-31T17:21:51  refactor: tidy internals
2024-12-09T12:38:58  fix: handle empty input gracefully
2024-12-30T19:55:05  perf: micro-optimization
2025-01-14T14:12:12  style: formatting
2025-02-04T09:29:19  chore: bump dev tooling
2025-03-15T16:46:26  docs: expand examples
2025-04-05T11:03:33  test: strengthen coverage
2025-04-20T18:20:40  chore: tune defaults
2025-05-11T13:37:47  refactor: simplify helper
2025-06-19T08:54:54  chore: routine maintenance
2025-07-10T15:11:01  docs: clarify usage notes
2025-07-31T10:28:08  test: add edge case
2025-08-15T17:45:15  refactor: tidy internals
2025-09-29T12:02:22  fix: handle empty input gracefully
2025-10-14T19:19:29  perf: micro-optimization
2025-11-04T14:36:36  style: formatting
2025-12-13T09:53:43  chore: bump dev tooling
2026-01-03T16:10:50  docs: expand examples
2026-01-18T11:27:57  test: strengthen coverage
2026-02-08T18:44:04  chore: tune defaults
2026-03-19T13:01:11  refactor: simplify helper
2026-04-09T08:18:18  chore: routine maintenance
2026-04-24T15:35:25  docs: clarify usage notes
2026-05-15T10:52:32  test: add edge case
